[INFO ] 2024-03-29 01:27:43.865 [main] Base - account clicked
[INFO ] 2024-03-29 01:27:45.081 [main] Base - login clicked
[INFO ] 2024-03-29 01:27:45.448 [main] Base - username set
[INFO ] 2024-03-29 01:27:45.688 [main] Base - password set
[INFO ] 2024-03-29 01:27:46.612 [main] Base - final login clicked
[INFO ] 2024-03-29 01:28:08.099 [main] Base - account clicked
[INFO ] 2024-03-29 01:28:09.246 [main] Base - login clicked
[INFO ] 2024-03-29 01:28:09.938 [main] Base - Random username set
[INFO ] 2024-03-29 01:28:10.398 [main] Base - Valid password set
[INFO ] 2024-03-29 01:28:11.663 [main] Base - final login clicked
[INFO ] 2024-03-29 01:28:21.848 [main] Base - account clicked
[INFO ] 2024-03-29 01:28:22.620 [main] Base - login clicked
[INFO ] 2024-03-29 01:28:23.188 [main] Base - Random username set
[INFO ] 2024-03-29 01:28:23.377 [main] Base - InValid password set
[INFO ] 2024-03-29 01:28:24.066 [main] Base - final login clicked
[INFO ] 2024-03-29 01:28:43.456 [main] Base - account clicked
[INFO ] 2024-03-29 01:28:45.226 [main] Base - login clicked
[INFO ] 2024-03-29 01:28:45.802 [main] Base - Random username set
[INFO ] 2024-03-29 01:28:46.002 [main] Base - InValid password set
[INFO ] 2024-03-29 01:28:46.787 [main] Base - final login clicked
[INFO ] 2024-03-29 01:28:57.546 [main] Base - account clicked
[INFO ] 2024-03-29 01:28:58.592 [main] Base - login clicked
[INFO ] 2024-03-29 01:28:59.601 [main] Base - final login clicked
[INFO ] 2024-03-29 01:29:59.425 [main] Base - register completed
[INFO ] 2024-03-29 01:30:14.554 [main] Base - register all details completed
[INFO ] 2024-03-29 01:30:42.302 [main] Base - register without providing credentials completed
[INFO ] 2024-03-29 01:35:17.545 [main] Base - account clicked
[INFO ] 2024-03-29 01:35:18.539 [main] Base - login clicked
[INFO ] 2024-03-29 01:35:19.078 [main] Base - username set
[INFO ] 2024-03-29 01:35:19.307 [main] Base - password set
[INFO ] 2024-03-29 01:35:21.276 [main] Base - final login clicked
[INFO ] 2024-03-29 01:35:32.994 [main] Base - account clicked
[INFO ] 2024-03-29 01:35:34.078 [main] Base - login clicked
[INFO ] 2024-03-29 01:35:34.662 [main] Base - Random username set
[INFO ] 2024-03-29 01:35:34.894 [main] Base - Valid password set
[INFO ] 2024-03-29 01:35:35.622 [main] Base - final login clicked
[INFO ] 2024-03-29 01:35:44.763 [main] Base - account clicked
[INFO ] 2024-03-29 01:35:45.699 [main] Base - login clicked
[INFO ] 2024-03-29 01:35:46.208 [main] Base - Random username set
[INFO ] 2024-03-29 01:35:46.408 [main] Base - InValid password set
[INFO ] 2024-03-29 01:35:47.020 [main] Base - final login clicked
[INFO ] 2024-03-29 01:35:55.125 [main] Base - account clicked
[INFO ] 2024-03-29 01:35:55.804 [main] Base - login clicked
[INFO ] 2024-03-29 01:35:56.553 [main] Base - Random username set
[INFO ] 2024-03-29 01:35:56.736 [main] Base - InValid password set
[INFO ] 2024-03-29 01:35:57.353 [main] Base - final login clicked
[INFO ] 2024-03-29 01:36:05.198 [main] Base - account clicked
[INFO ] 2024-03-29 01:36:05.920 [main] Base - login clicked
[INFO ] 2024-03-29 01:36:06.520 [main] Base - final login clicked
[INFO ] 2024-03-29 01:36:42.571 [main] Base - register completed
[INFO ] 2024-03-29 01:36:54.496 [main] Base - register all details completed
[INFO ] 2024-03-29 01:37:15.611 [main] Base - register without providing credentials completed
[INFO ] 2024-03-29 01:46:40.598 [main] Base - account clicked
[INFO ] 2024-03-29 01:46:42.964 [main] Base - login clicked
[INFO ] 2024-03-29 01:46:43.875 [main] Base - username set
[INFO ] 2024-03-29 01:46:44.398 [main] Base - password set
[INFO ] 2024-03-29 01:46:46.468 [main] Base - final login clicked
[INFO ] 2024-03-29 01:46:58.453 [main] Base - account clicked
[INFO ] 2024-03-29 01:46:59.287 [main] Base - login clicked
[INFO ] 2024-03-29 01:47:00.044 [main] Base - Random username set
[INFO ] 2024-03-29 01:47:00.503 [main] Base - Valid password set
[INFO ] 2024-03-29 01:47:01.205 [main] Base - final login clicked
[INFO ] 2024-03-29 01:47:09.730 [main] Base - account clicked
[INFO ] 2024-03-29 01:47:10.461 [main] Base - login clicked
[INFO ] 2024-03-29 01:47:11.383 [main] Base - Random username set
[INFO ] 2024-03-29 01:47:11.713 [main] Base - InValid password set
[INFO ] 2024-03-29 01:47:12.431 [main] Base - final login clicked
[INFO ] 2024-03-29 01:47:21.384 [main] Base - account clicked
[INFO ] 2024-03-29 01:47:22.174 [main] Base - login clicked
[INFO ] 2024-03-29 01:47:23.207 [main] Base - Random username set
[INFO ] 2024-03-29 01:47:23.455 [main] Base - InValid password set
[INFO ] 2024-03-29 01:47:24.310 [main] Base - final login clicked
[INFO ] 2024-03-29 01:47:32.964 [main] Base - account clicked
[INFO ] 2024-03-29 01:47:33.795 [main] Base - login clicked
[INFO ] 2024-03-29 01:47:34.510 [main] Base - final login clicked
[INFO ] 2024-03-29 01:48:13.492 [main] Base - register completed
[INFO ] 2024-03-29 01:48:25.646 [main] Base - register all details completed
[INFO ] 2024-03-29 01:48:47.469 [main] Base - register without providing credentials completed
[INFO ] 2024-03-29 02:08:09.348 [main] Base - account clicked
[INFO ] 2024-03-29 02:08:10.770 [main] Base - login clicked
[INFO ] 2024-03-29 02:08:11.194 [main] Base - username set
[INFO ] 2024-03-29 02:08:12.504 [main] Base - password set
[INFO ] 2024-03-29 02:08:13.548 [main] Base - final login clicked
[INFO ] 2024-03-29 02:08:22.876 [main] Base - account clicked
[INFO ] 2024-03-29 02:08:23.577 [main] Base - login clicked
[INFO ] 2024-03-29 02:08:24.175 [main] Base - Random username set
[INFO ] 2024-03-29 02:08:24.359 [main] Base - Valid password set
[INFO ] 2024-03-29 02:08:25.041 [main] Base - final login clicked
[INFO ] 2024-03-29 02:08:32.897 [main] Base - account clicked
[INFO ] 2024-03-29 02:08:33.801 [main] Base - login clicked
[INFO ] 2024-03-29 02:08:34.441 [main] Base - Random username set
[INFO ] 2024-03-29 02:08:34.622 [main] Base - InValid password set
[INFO ] 2024-03-29 02:08:35.394 [main] Base - final login clicked
[INFO ] 2024-03-29 02:08:42.829 [main] Base - account clicked
[INFO ] 2024-03-29 02:08:43.725 [main] Base - login clicked
[INFO ] 2024-03-29 02:08:44.333 [main] Base - Random username set
[INFO ] 2024-03-29 02:08:44.595 [main] Base - InValid password set
[INFO ] 2024-03-29 02:08:45.239 [main] Base - final login clicked
[INFO ] 2024-03-29 02:08:53.010 [main] Base - account clicked
[INFO ] 2024-03-29 02:08:53.824 [main] Base - login clicked
[INFO ] 2024-03-29 02:08:54.482 [main] Base - final login clicked
[INFO ] 2024-03-29 02:09:31.762 [main] Base - register completed
[INFO ] 2024-03-29 02:09:43.431 [main] Base - register all details completed
[INFO ] 2024-03-29 02:10:05.238 [main] Base - register without providing credentials completed
[INFO ] 2024-03-29 02:25:52.608 [main] Base - account clicked
[INFO ] 2024-03-29 02:25:53.888 [main] Base - login clicked
[INFO ] 2024-03-29 02:25:54.221 [main] Base - username set
[INFO ] 2024-03-29 02:25:54.439 [main] Base - password set
[INFO ] 2024-03-29 02:25:55.405 [main] Base - final login clicked
[INFO ] 2024-03-29 02:26:07.145 [main] Base - account clicked
[INFO ] 2024-03-29 02:26:08.165 [main] Base - login clicked
[INFO ] 2024-03-29 02:26:08.880 [main] Base - Random username set
[INFO ] 2024-03-29 02:26:09.110 [main] Base - Valid password set
[INFO ] 2024-03-29 02:26:09.847 [main] Base - final login clicked
[INFO ] 2024-03-29 02:26:17.952 [main] Base - account clicked
[INFO ] 2024-03-29 02:26:18.764 [main] Base - login clicked
[INFO ] 2024-03-29 02:26:19.535 [main] Base - Random username set
[INFO ] 2024-03-29 02:26:19.736 [main] Base - InValid password set
[INFO ] 2024-03-29 02:26:20.316 [main] Base - final login clicked
[INFO ] 2024-03-29 02:26:28.236 [main] Base - account clicked
[INFO ] 2024-03-29 02:26:29.161 [main] Base - login clicked
[INFO ] 2024-03-29 02:26:29.688 [main] Base - Random username set
[INFO ] 2024-03-29 02:26:29.869 [main] Base - InValid password set
[INFO ] 2024-03-29 02:26:30.613 [main] Base - final login clicked
[INFO ] 2024-03-29 02:26:38.183 [main] Base - account clicked
[INFO ] 2024-03-29 02:26:38.968 [main] Base - login clicked
[INFO ] 2024-03-29 02:26:39.650 [main] Base - final login clicked
[INFO ] 2024-03-29 02:27:16.435 [main] Base - register completed
[INFO ] 2024-03-29 02:27:27.388 [main] Base - register all details completed
[INFO ] 2024-03-29 02:27:48.474 [main] Base - register without providing credentials completed
[INFO ] 2024-03-29 02:42:40.950 [main] Base - account clicked
[INFO ] 2024-03-29 02:42:42.579 [main] Base - login clicked
[INFO ] 2024-03-29 02:42:43.066 [main] Base - username set
[INFO ] 2024-03-29 02:42:43.746 [main] Base - password set
[INFO ] 2024-03-29 02:42:45.229 [main] Base - final login clicked
[INFO ] 2024-03-29 02:42:55.619 [main] Base - account clicked
[INFO ] 2024-03-29 02:42:56.481 [main] Base - login clicked
[INFO ] 2024-03-29 02:42:57.099 [main] Base - Random username set
[INFO ] 2024-03-29 02:42:57.304 [main] Base - Valid password set
[INFO ] 2024-03-29 02:42:57.981 [main] Base - final login clicked
[INFO ] 2024-03-29 02:43:05.537 [main] Base - account clicked
[INFO ] 2024-03-29 02:43:06.483 [main] Base - login clicked
[INFO ] 2024-03-29 02:43:07.110 [main] Base - Random username set
[INFO ] 2024-03-29 02:43:07.288 [main] Base - InValid password set
[INFO ] 2024-03-29 02:43:07.966 [main] Base - final login clicked
[INFO ] 2024-03-29 02:43:15.907 [main] Base - account clicked
[INFO ] 2024-03-29 02:43:16.645 [main] Base - login clicked
[INFO ] 2024-03-29 02:43:17.276 [main] Base - Random username set
[INFO ] 2024-03-29 02:43:17.473 [main] Base - InValid password set
[INFO ] 2024-03-29 02:43:18.147 [main] Base - final login clicked
[INFO ] 2024-03-29 02:43:25.619 [main] Base - account clicked
[INFO ] 2024-03-29 02:43:26.406 [main] Base - login clicked
[INFO ] 2024-03-29 02:43:27.074 [main] Base - final login clicked
[INFO ] 2024-03-29 02:44:02.895 [main] Base - register completed
[INFO ] 2024-03-29 02:44:17.870 [main] Base - register all details completed
[INFO ] 2024-03-29 02:44:44.973 [main] Base - register without providing credentials completed
[INFO ] 2024-03-29 02:47:11.714 [main] Base - account clicked
[INFO ] 2024-03-29 02:47:12.511 [main] Base - login clicked
[INFO ] 2024-03-29 02:47:12.929 [main] Base - username set
[INFO ] 2024-03-29 02:47:13.173 [main] Base - password set
[INFO ] 2024-03-29 02:47:14.220 [main] Base - final login clicked
[INFO ] 2024-03-29 02:47:22.837 [main] Base - account clicked
[INFO ] 2024-03-29 02:47:23.675 [main] Base - login clicked
[INFO ] 2024-03-29 02:47:24.230 [main] Base - Random username set
[INFO ] 2024-03-29 02:47:24.457 [main] Base - Valid password set
[INFO ] 2024-03-29 02:47:25.153 [main] Base - final login clicked
[INFO ] 2024-03-29 02:47:32.828 [main] Base - account clicked
[INFO ] 2024-03-29 02:47:33.597 [main] Base - login clicked
[INFO ] 2024-03-29 02:47:34.347 [main] Base - Random username set
[INFO ] 2024-03-29 02:47:34.524 [main] Base - InValid password set
[INFO ] 2024-03-29 02:47:35.120 [main] Base - final login clicked
[INFO ] 2024-03-29 02:47:42.588 [main] Base - account clicked
[INFO ] 2024-03-29 02:47:43.391 [main] Base - login clicked
[INFO ] 2024-03-29 02:47:43.961 [main] Base - Random username set
[INFO ] 2024-03-29 02:47:44.143 [main] Base - InValid password set
[INFO ] 2024-03-29 02:47:44.918 [main] Base - final login clicked
[INFO ] 2024-03-29 02:47:52.301 [main] Base - account clicked
[INFO ] 2024-03-29 02:47:53.180 [main] Base - login clicked
[INFO ] 2024-03-29 02:47:53.909 [main] Base - final login clicked
[INFO ] 2024-03-29 02:48:30.922 [main] Base - register completed
[INFO ] 2024-03-29 02:48:42.493 [main] Base - register all details completed
[INFO ] 2024-03-29 02:49:03.113 [main] Base - register without providing credentials completed
[INFO ] 2024-03-29 02:51:29.689 [main] Base - account clicked
[INFO ] 2024-03-29 02:51:31.293 [main] Base - login clicked
[INFO ] 2024-03-29 02:51:31.738 [main] Base - username set
[INFO ] 2024-03-29 02:51:32.041 [main] Base - password set
[INFO ] 2024-03-29 02:51:33.876 [main] Base - final login clicked
[INFO ] 2024-03-29 02:51:42.738 [main] Base - account clicked
[INFO ] 2024-03-29 02:51:43.568 [main] Base - login clicked
[INFO ] 2024-03-29 02:51:44.213 [main] Base - Random username set
[INFO ] 2024-03-29 02:51:44.458 [main] Base - Valid password set
[INFO ] 2024-03-29 02:51:45.031 [main] Base - final login clicked
[INFO ] 2024-03-29 02:51:52.760 [main] Base - account clicked
[INFO ] 2024-03-29 02:51:53.618 [main] Base - login clicked
[INFO ] 2024-03-29 02:51:54.211 [main] Base - Random username set
[INFO ] 2024-03-29 02:51:54.392 [main] Base - InValid password set
[INFO ] 2024-03-29 02:51:54.998 [main] Base - final login clicked
[INFO ] 2024-03-29 02:52:02.393 [main] Base - account clicked
[INFO ] 2024-03-29 02:52:03.211 [main] Base - login clicked
[INFO ] 2024-03-29 02:52:03.798 [main] Base - Random username set
[INFO ] 2024-03-29 02:52:03.977 [main] Base - InValid password set
[INFO ] 2024-03-29 02:52:04.604 [main] Base - final login clicked
[INFO ] 2024-03-29 02:52:12.054 [main] Base - account clicked
[INFO ] 2024-03-29 02:52:12.881 [main] Base - login clicked
[INFO ] 2024-03-29 02:52:13.610 [main] Base - final login clicked
[INFO ] 2024-03-29 02:52:49.402 [main] Base - register completed
[INFO ] 2024-03-29 02:53:01.201 [main] Base - register all details completed
[INFO ] 2024-03-29 02:53:21.510 [main] Base - register without providing credentials completed
[INFO ] 2024-03-29 03:00:01.494 [main] Base - account clicked
[INFO ] 2024-03-29 03:00:02.636 [main] Base - login clicked
[INFO ] 2024-03-29 03:00:03.794 [main] Base - username set
[INFO ] 2024-03-29 03:00:04.301 [main] Base - password set
[INFO ] 2024-03-29 03:00:06.661 [main] Base - final login clicked
[INFO ] 2024-03-29 03:00:16.557 [main] Base - account clicked
[INFO ] 2024-03-29 03:00:17.268 [main] Base - login clicked
[INFO ] 2024-03-29 03:00:17.878 [main] Base - Random username set
[INFO ] 2024-03-29 03:00:18.068 [main] Base - Valid password set
[INFO ] 2024-03-29 03:00:18.766 [main] Base - final login clicked
[INFO ] 2024-03-29 03:00:26.003 [main] Base - account clicked
[INFO ] 2024-03-29 03:00:26.680 [main] Base - login clicked
[INFO ] 2024-03-29 03:00:27.307 [main] Base - Random username set
[INFO ] 2024-03-29 03:00:27.504 [main] Base - InValid password set
[INFO ] 2024-03-29 03:00:28.156 [main] Base - final login clicked
[INFO ] 2024-03-29 03:00:35.272 [main] Base - account clicked
[INFO ] 2024-03-29 03:00:36.051 [main] Base - login clicked
[INFO ] 2024-03-29 03:00:36.621 [main] Base - Random username set
[INFO ] 2024-03-29 03:00:36.833 [main] Base - InValid password set
[INFO ] 2024-03-29 03:00:37.494 [main] Base - final login clicked
[INFO ] 2024-03-29 03:00:44.228 [main] Base - account clicked
[INFO ] 2024-03-29 03:00:45.012 [main] Base - login clicked
[INFO ] 2024-03-29 03:00:45.757 [main] Base - final login clicked
[INFO ] 2024-03-29 03:01:20.033 [main] Base - register completed
[INFO ] 2024-03-29 03:01:30.562 [main] Base - register all details completed
[INFO ] 2024-03-29 03:01:49.769 [main] Base - register without providing credentials completed
[INFO ] 2024-03-29 03:08:01.352 [main] Base - account clicked
[INFO ] 2024-03-29 03:08:02.862 [main] Base - login clicked
[INFO ] 2024-03-29 03:08:03.278 [main] Base - username set
[INFO ] 2024-03-29 03:08:03.599 [main] Base - password set
[INFO ] 2024-03-29 03:08:04.657 [main] Base - final login clicked
[INFO ] 2024-03-29 03:08:13.619 [main] Base - account clicked
[INFO ] 2024-03-29 03:08:14.665 [main] Base - login clicked
[INFO ] 2024-03-29 03:08:15.397 [main] Base - Random username set
[INFO ] 2024-03-29 03:08:15.629 [main] Base - Valid password set
[INFO ] 2024-03-29 03:08:16.335 [main] Base - final login clicked
[INFO ] 2024-03-29 03:08:23.567 [main] Base - account clicked
[INFO ] 2024-03-29 03:08:24.467 [main] Base - login clicked
[INFO ] 2024-03-29 03:08:25.206 [main] Base - Random username set
[INFO ] 2024-03-29 03:08:25.404 [main] Base - InValid password set
[INFO ] 2024-03-29 03:08:26.080 [main] Base - final login clicked
[INFO ] 2024-03-29 03:08:33.537 [main] Base - account clicked
[INFO ] 2024-03-29 03:08:34.368 [main] Base - login clicked
[INFO ] 2024-03-29 03:08:35.138 [main] Base - Random username set
[INFO ] 2024-03-29 03:08:35.383 [main] Base - InValid password set
[INFO ] 2024-03-29 03:08:36.170 [main] Base - final login clicked
[INFO ] 2024-03-29 03:08:43.370 [main] Base - account clicked
[INFO ] 2024-03-29 03:08:44.138 [main] Base - login clicked
[INFO ] 2024-03-29 03:08:44.899 [main] Base - final login clicked
[INFO ] 2024-03-29 03:09:23.282 [main] Base - register completed
[INFO ] 2024-03-29 03:09:34.723 [main] Base - register all details completed
[INFO ] 2024-03-29 03:09:58.250 [main] Base - register without providing credentials completed
[INFO ] 2024-03-29 08:36:46.347 [main] Base - account clicked
[INFO ] 2024-03-29 08:36:47.341 [main] Base - login clicked
[INFO ] 2024-03-29 08:36:47.717 [main] Base - username set
[INFO ] 2024-03-29 08:36:48.002 [main] Base - password set
[INFO ] 2024-03-29 08:36:49.175 [main] Base - final login clicked
[INFO ] 2024-03-29 08:36:59.266 [main] Base - account clicked
[INFO ] 2024-03-29 08:37:00.252 [main] Base - login clicked
[INFO ] 2024-03-29 08:37:00.760 [main] Base - Random username set
[INFO ] 2024-03-29 08:37:01.022 [main] Base - Valid password set
[INFO ] 2024-03-29 08:37:01.770 [main] Base - final login clicked
[INFO ] 2024-03-29 08:37:09.852 [main] Base - account clicked
[INFO ] 2024-03-29 08:37:10.645 [main] Base - login clicked
[INFO ] 2024-03-29 08:37:11.293 [main] Base - Random username set
[INFO ] 2024-03-29 08:37:11.486 [main] Base - InValid password set
[INFO ] 2024-03-29 08:37:12.221 [main] Base - final login clicked
[INFO ] 2024-03-29 08:37:19.893 [main] Base - account clicked
[INFO ] 2024-03-29 08:37:20.629 [main] Base - login clicked
[INFO ] 2024-03-29 08:37:21.279 [main] Base - Random username set
[INFO ] 2024-03-29 08:37:21.487 [main] Base - InValid password set
[INFO ] 2024-03-29 08:37:22.171 [main] Base - final login clicked
[INFO ] 2024-03-29 08:37:29.610 [main] Base - account clicked
[INFO ] 2024-03-29 08:37:30.349 [main] Base - login clicked
[INFO ] 2024-03-29 08:37:31.135 [main] Base - final login clicked
[INFO ] 2024-03-29 08:38:08.320 [main] Base - register completed
[INFO ] 2024-03-29 08:38:20.345 [main] Base - register all details completed
[INFO ] 2024-03-29 08:38:42.024 [main] Base - register without providing credentials completed
[INFO ] 2024-03-29 08:43:07.009 [main] Base - account clicked
[INFO ] 2024-03-29 08:43:07.852 [main] Base - login clicked
[INFO ] 2024-03-29 08:43:08.218 [main] Base - username set
[INFO ] 2024-03-29 08:43:08.501 [main] Base - password set
[INFO ] 2024-03-29 08:43:09.968 [main] Base - final login clicked
[INFO ] 2024-03-29 08:43:18.942 [main] Base - account clicked
[INFO ] 2024-03-29 08:43:19.918 [main] Base - login clicked
[INFO ] 2024-03-29 08:43:20.422 [main] Base - Random username set
[INFO ] 2024-03-29 08:43:20.612 [main] Base - Valid password set
[INFO ] 2024-03-29 08:43:21.321 [main] Base - final login clicked
[INFO ] 2024-03-29 08:43:29.954 [main] Base - account clicked
[INFO ] 2024-03-29 08:43:31.179 [main] Base - login clicked
[INFO ] 2024-03-29 08:43:31.803 [main] Base - Random username set
[INFO ] 2024-03-29 08:43:32.011 [main] Base - InValid password set
[INFO ] 2024-03-29 08:43:32.780 [main] Base - final login clicked
[INFO ] 2024-03-29 08:43:41.045 [main] Base - account clicked
[INFO ] 2024-03-29 08:43:41.759 [main] Base - login clicked
[INFO ] 2024-03-29 08:43:42.381 [main] Base - Random username set
[INFO ] 2024-03-29 08:43:42.566 [main] Base - InValid password set
[INFO ] 2024-03-29 08:43:43.213 [main] Base - final login clicked
[INFO ] 2024-03-29 08:43:51.557 [main] Base - account clicked
[INFO ] 2024-03-29 08:43:52.461 [main] Base - login clicked
[INFO ] 2024-03-29 08:43:53.787 [main] Base - final login clicked
[INFO ] 2024-03-29 08:44:40.112 [main] Base - register completed
[INFO ] 2024-03-29 08:44:52.442 [main] Base - register all details completed
[INFO ] 2024-03-29 08:45:15.513 [main] Base - register without providing credentials completed
[INFO ] 2024-03-29 08:50:01.827 [main] Base - account clicked
[INFO ] 2024-03-29 08:50:03.514 [main] Base - login clicked
[INFO ] 2024-03-29 08:50:04.367 [main] Base - username set
[INFO ] 2024-03-29 08:50:04.653 [main] Base - password set
[INFO ] 2024-03-29 08:50:05.738 [main] Base - final login clicked
[INFO ] 2024-03-29 08:50:15.596 [main] Base - account clicked
[INFO ] 2024-03-29 08:50:16.413 [main] Base - login clicked
[INFO ] 2024-03-29 08:50:17.009 [main] Base - Random username set
[INFO ] 2024-03-29 08:50:17.213 [main] Base - Valid password set
[INFO ] 2024-03-29 08:50:17.923 [main] Base - final login clicked
[INFO ] 2024-03-29 08:50:25.344 [main] Base - account clicked
[INFO ] 2024-03-29 08:50:26.223 [main] Base - login clicked
[INFO ] 2024-03-29 08:50:26.856 [main] Base - Random username set
[INFO ] 2024-03-29 08:50:27.046 [main] Base - InValid password set
[INFO ] 2024-03-29 08:50:27.677 [main] Base - final login clicked
[INFO ] 2024-03-29 08:50:35.717 [main] Base - account clicked
[INFO ] 2024-03-29 08:50:36.413 [main] Base - login clicked
[INFO ] 2024-03-29 08:50:37.063 [main] Base - Random username set
[INFO ] 2024-03-29 08:50:37.250 [main] Base - InValid password set
[INFO ] 2024-03-29 08:50:37.931 [main] Base - final login clicked
[INFO ] 2024-03-29 08:50:45.907 [main] Base - account clicked
[INFO ] 2024-03-29 08:50:46.773 [main] Base - login clicked
[INFO ] 2024-03-29 08:50:47.640 [main] Base - final login clicked
[INFO ] 2024-03-29 08:51:25.360 [main] Base - register completed
[INFO ] 2024-03-29 08:51:37.427 [main] Base - register all details completed
[INFO ] 2024-03-29 08:51:59.306 [main] Base - register without providing credentials completed
[INFO ] 2024-03-29 08:59:09.244 [main] Base - account clicked
[INFO ] 2024-03-29 08:59:10.018 [main] Base - login clicked
[INFO ] 2024-03-29 08:59:10.443 [main] Base - username set
[INFO ] 2024-03-29 08:59:10.856 [main] Base - password set
[INFO ] 2024-03-29 08:59:11.799 [main] Base - final login clicked
[INFO ] 2024-03-29 08:59:22.721 [main] Base - account clicked
[INFO ] 2024-03-29 08:59:23.474 [main] Base - login clicked
[INFO ] 2024-03-29 08:59:24.171 [main] Base - Random username set
[INFO ] 2024-03-29 08:59:24.355 [main] Base - Valid password set
[INFO ] 2024-03-29 08:59:25.126 [main] Base - final login clicked
[INFO ] 2024-03-29 08:59:33.610 [main] Base - account clicked
[INFO ] 2024-03-29 08:59:34.311 [main] Base - login clicked
[INFO ] 2024-03-29 08:59:35.046 [main] Base - Random username set
[INFO ] 2024-03-29 08:59:35.210 [main] Base - InValid password set
[INFO ] 2024-03-29 08:59:35.905 [main] Base - final login clicked
[INFO ] 2024-03-29 08:59:43.530 [main] Base - account clicked
[INFO ] 2024-03-29 08:59:44.898 [main] Base - login clicked
[INFO ] 2024-03-29 08:59:45.443 [main] Base - Random username set
[INFO ] 2024-03-29 08:59:45.629 [main] Base - InValid password set
[INFO ] 2024-03-29 08:59:46.436 [main] Base - final login clicked
[INFO ] 2024-03-29 08:59:53.824 [main] Base - account clicked
[INFO ] 2024-03-29 08:59:54.583 [main] Base - login clicked
[INFO ] 2024-03-29 08:59:55.726 [main] Base - final login clicked
[INFO ] 2024-03-29 09:00:32.071 [main] Base - register completed
[INFO ] 2024-03-29 09:00:44.540 [main] Base - register all details completed
[INFO ] 2024-03-29 09:01:05.807 [main] Base - register without providing credentials completed
[INFO ] 2024-03-29 09:03:46.822 [main] Base - register completed
[INFO ] 2024-03-29 09:04:00.239 [main] Base - register all details completed
[INFO ] 2024-03-29 09:04:22.553 [main] Base - register without providing credentials completed
[INFO ] 2024-03-29 09:09:36.645 [main] Base - register completed
[INFO ] 2024-03-29 09:09:50.902 [main] Base - register all details completed
[INFO ] 2024-03-29 09:10:13.341 [main] Base - register without providing credentials completed
[INFO ] 2024-03-29 09:16:53.703 [main] Base - register completed
[INFO ] 2024-03-29 09:17:09.350 [main] Base - register all details completed
[INFO ] 2024-03-29 09:17:31.666 [main] Base - register without providing credentials completed
[INFO ] 2024-03-29 10:03:25.133 [main] Base - register completed
[INFO ] 2024-03-29 10:03:38.987 [main] Base - register all details completed
[INFO ] 2024-03-29 10:10:15.626 [main] Base - register completed
[INFO ] 2024-03-29 10:10:28.484 [main] Base - register all details completed
[INFO ] 2024-03-29 10:10:50.619 [main] Base - register without providing credentials completed
[INFO ] 2024-03-29 21:51:10.890 [main] Base - account clicked
[INFO ] 2024-03-29 21:51:12.306 [main] Base - login clicked
[INFO ] 2024-03-29 21:51:12.929 [main] Base - username set
[INFO ] 2024-03-29 21:51:13.158 [main] Base - password set
[INFO ] 2024-03-29 21:51:14.620 [main] Base - final login clicked
[INFO ] 2024-03-29 21:51:25.190 [main] Base - account clicked
[INFO ] 2024-03-29 21:51:26.057 [main] Base - login clicked
[INFO ] 2024-03-29 21:51:26.820 [main] Base - Random username set
[INFO ] 2024-03-29 21:51:27.039 [main] Base - Valid password set
[INFO ] 2024-03-29 21:51:27.741 [main] Base - final login clicked
[INFO ] 2024-03-29 21:51:37.567 [main] Base - account clicked
[INFO ] 2024-03-29 21:51:38.367 [main] Base - login clicked
[INFO ] 2024-03-29 21:51:39.043 [main] Base - Random username set
[INFO ] 2024-03-29 21:51:39.264 [main] Base - InValid password set
[INFO ] 2024-03-29 21:51:39.953 [main] Base - final login clicked
[INFO ] 2024-03-29 21:51:48.424 [main] Base - account clicked
[INFO ] 2024-03-29 21:51:49.189 [main] Base - login clicked
[INFO ] 2024-03-29 21:51:49.898 [main] Base - Random username set
[INFO ] 2024-03-29 21:51:50.076 [main] Base - InValid password set
[INFO ] 2024-03-29 21:51:50.687 [main] Base - final login clicked
[INFO ] 2024-03-29 21:51:58.142 [main] Base - account clicked
[INFO ] 2024-03-29 21:51:58.920 [main] Base - login clicked
[INFO ] 2024-03-29 21:51:59.575 [main] Base - final login clicked
[INFO ] 2024-03-29 21:52:36.751 [main] Base - register completed
[INFO ] 2024-03-29 21:52:49.066 [main] Base - register all details completed
[INFO ] 2024-03-29 21:53:10.454 [main] Base - register without providing credentials completed
[INFO ] 2024-03-29 23:52:36.351 [main] Base - account clicked
[INFO ] 2024-03-29 23:52:37.413 [main] Base - login clicked
[INFO ] 2024-03-29 23:52:37.782 [main] Base - username set
[INFO ] 2024-03-29 23:52:38.071 [main] Base - password set
[INFO ] 2024-03-29 23:52:39.429 [main] Base - final login clicked
[INFO ] 2024-03-29 23:52:50.982 [main] Base - account clicked
[INFO ] 2024-03-29 23:52:51.916 [main] Base - login clicked
[INFO ] 2024-03-29 23:52:52.429 [main] Base - Random username set
[INFO ] 2024-03-29 23:52:52.644 [main] Base - Valid password set
[INFO ] 2024-03-29 23:52:53.363 [main] Base - final login clicked
[INFO ] 2024-03-29 23:53:01.034 [main] Base - account clicked
[INFO ] 2024-03-29 23:53:01.736 [main] Base - login clicked
[INFO ] 2024-03-29 23:53:02.399 [main] Base - Random username set
[INFO ] 2024-03-29 23:53:02.612 [main] Base - InValid password set
[INFO ] 2024-03-29 23:53:03.331 [main] Base - final login clicked
[INFO ] 2024-03-29 23:53:10.676 [main] Base - account clicked
[INFO ] 2024-03-29 23:53:11.607 [main] Base - login clicked
[INFO ] 2024-03-29 23:53:12.249 [main] Base - Random username set
[INFO ] 2024-03-29 23:53:12.487 [main] Base - InValid password set
[INFO ] 2024-03-29 23:53:13.209 [main] Base - final login clicked
[INFO ] 2024-03-29 23:53:20.621 [main] Base - account clicked
[INFO ] 2024-03-29 23:53:21.519 [main] Base - login clicked
[INFO ] 2024-03-29 23:53:22.334 [main] Base - final login clicked
[INFO ] 2024-03-29 23:53:59.701 [main] Base - register completed
[INFO ] 2024-03-29 23:54:11.812 [main] Base - register all details completed
[INFO ] 2024-03-29 23:54:32.711 [main] Base - register without providing credentials completed
[INFO ] 2024-03-30 16:47:53.271 [main] Base - account clicked
[INFO ] 2024-03-30 16:47:54.505 [main] Base - login clicked
[INFO ] 2024-03-30 16:47:55.030 [main] Base - Random username set
[INFO ] 2024-03-30 16:47:55.250 [main] Base - Valid password set
[INFO ] 2024-03-30 16:47:55.837 [main] Base - final login clicked
[INFO ] 2024-03-30 16:48:03.910 [main] Base - account clicked
[INFO ] 2024-03-30 16:48:04.789 [main] Base - login clicked
[INFO ] 2024-03-30 16:48:05.533 [main] Base - Random username set
[INFO ] 2024-03-30 16:48:05.717 [main] Base - InValid password set
[INFO ] 2024-03-30 16:48:06.427 [main] Base - final login clicked
[INFO ] 2024-03-30 16:48:14.142 [main] Base - account clicked
[INFO ] 2024-03-30 16:48:14.851 [main] Base - login clicked
[INFO ] 2024-03-30 16:48:15.466 [main] Base - Random username set
[INFO ] 2024-03-30 16:48:15.662 [main] Base - InValid password set
[INFO ] 2024-03-30 16:48:16.264 [main] Base - final login clicked
[INFO ] 2024-03-30 16:48:23.962 [main] Base - account clicked
[INFO ] 2024-03-30 16:48:24.731 [main] Base - login clicked
[INFO ] 2024-03-30 16:48:25.507 [main] Base - final login clicked
[INFO ] 2024-03-30 16:49:01.840 [main] Base - register completed
[INFO ] 2024-03-30 16:49:13.137 [main] Base - register all details completed
[INFO ] 2024-03-30 16:49:31.680 [main] Base - register without providing credentials completed
[INFO ] 2024-03-31 10:37:08.588 [main] Base - account clicked
[INFO ] 2024-03-31 10:37:09.470 [main] Base - login clicked
[INFO ] 2024-03-31 10:37:10.067 [main] Base - Random username set
[INFO ] 2024-03-31 10:37:10.234 [main] Base - Valid password set
[INFO ] 2024-03-31 10:37:11.324 [main] Base - final login clicked
[INFO ] 2024-03-31 10:37:19.178 [main] Base - account clicked
[INFO ] 2024-03-31 10:37:19.944 [main] Base - login clicked
[INFO ] 2024-03-31 10:37:20.620 [main] Base - Random username set
[INFO ] 2024-03-31 10:37:20.823 [main] Base - InValid password set
[INFO ] 2024-03-31 10:37:21.471 [main] Base - final login clicked
[INFO ] 2024-03-31 10:37:29.059 [main] Base - account clicked
[INFO ] 2024-03-31 10:37:29.909 [main] Base - login clicked
[INFO ] 2024-03-31 10:37:30.546 [main] Base - Random username set
[INFO ] 2024-03-31 10:37:30.718 [main] Base - InValid password set
[INFO ] 2024-03-31 10:37:31.390 [main] Base - final login clicked
[INFO ] 2024-03-31 10:37:39.396 [main] Base - account clicked
[INFO ] 2024-03-31 10:37:40.178 [main] Base - login clicked
[INFO ] 2024-03-31 10:37:40.913 [main] Base - final login clicked
[INFO ] 2024-03-31 10:38:18.522 [main] Base - register completed
[INFO ] 2024-03-31 10:38:30.728 [main] Base - register all details completed
[INFO ] 2024-03-31 10:38:51.103 [main] Base - register without providing credentials completed
[INFO ] 2024-04-01 05:17:53.145 [main] Base - register completed
[INFO ] 2024-04-01 05:18:04.502 [main] Base - register all details completed
[INFO ] 2024-04-01 05:18:24.153 [main] Base - register without providing credentials completed
[INFO ] 2024-04-01 05:18:40.383 [main] Base - account clicked
[INFO ] 2024-04-01 05:18:41.094 [main] Base - login clicked
[INFO ] 2024-04-01 05:18:41.716 [main] Base - Random username set
[INFO ] 2024-04-01 05:18:41.980 [main] Base - Valid password set
[INFO ] 2024-04-01 05:18:42.733 [main] Base - final login clicked
[INFO ] 2024-04-01 05:18:49.269 [main] Base - account clicked
[INFO ] 2024-04-01 05:18:49.971 [main] Base - login clicked
[INFO ] 2024-04-01 05:18:50.498 [main] Base - Random username set
[INFO ] 2024-04-01 05:18:50.712 [main] Base - InValid password set
[INFO ] 2024-04-01 05:18:51.367 [main] Base - final login clicked
[INFO ] 2024-04-01 05:18:58.514 [main] Base - account clicked
[INFO ] 2024-04-01 05:18:59.316 [main] Base - login clicked
[INFO ] 2024-04-01 05:18:59.982 [main] Base - Random username set
[INFO ] 2024-04-01 05:19:00.250 [main] Base - InValid password set
[INFO ] 2024-04-01 05:19:00.898 [main] Base - final login clicked
[INFO ] 2024-04-01 05:19:07.934 [main] Base - account clicked
[INFO ] 2024-04-01 05:19:08.568 [main] Base - login clicked
[INFO ] 2024-04-01 05:19:09.265 [main] Base - final login clicked
[INFO ] 2024-04-01 05:24:22.927 [main] Base - register completed
[INFO ] 2024-04-01 05:24:34.009 [main] Base - register all details completed
[INFO ] 2024-04-01 05:24:55.708 [main] Base - register without providing credentials completed
[INFO ] 2024-04-01 05:25:12.033 [main] Base - account clicked
[INFO ] 2024-04-01 05:25:12.668 [main] Base - login clicked
[INFO ] 2024-04-01 05:25:13.376 [main] Base - Random username set
[INFO ] 2024-04-01 05:25:13.555 [main] Base - Valid password set
[INFO ] 2024-04-01 05:25:14.127 [main] Base - final login clicked
[INFO ] 2024-04-01 05:25:21.397 [main] Base - account clicked
[INFO ] 2024-04-01 05:25:22.110 [main] Base - login clicked
[INFO ] 2024-04-01 05:25:22.681 [main] Base - Random username set
[INFO ] 2024-04-01 05:25:22.842 [main] Base - InValid password set
[INFO ] 2024-04-01 05:25:23.479 [main] Base - final login clicked
[INFO ] 2024-04-01 05:25:30.267 [main] Base - account clicked
[INFO ] 2024-04-01 05:25:30.976 [main] Base - login clicked
[INFO ] 2024-04-01 05:25:31.584 [main] Base - Random username set
[INFO ] 2024-04-01 05:25:31.773 [main] Base - InValid password set
[INFO ] 2024-04-01 05:25:32.454 [main] Base - final login clicked
[INFO ] 2024-04-01 05:25:39.032 [main] Base - account clicked
[INFO ] 2024-04-01 05:25:40.052 [main] Base - login clicked
[INFO ] 2024-04-01 05:25:40.735 [main] Base - final login clicked
[INFO ] 2024-04-01 05:31:15.565 [main] Base - register completed
[INFO ] 2024-04-01 05:31:26.871 [main] Base - register all details completed
[INFO ] 2024-04-01 05:31:45.442 [main] Base - register without providing credentials completed
[INFO ] 2024-04-01 05:32:02.245 [main] Base - account clicked
[INFO ] 2024-04-01 05:32:03.254 [main] Base - login clicked
[INFO ] 2024-04-01 05:32:03.932 [main] Base - Random username set
[INFO ] 2024-04-01 05:32:04.127 [main] Base - Valid password set
[INFO ] 2024-04-01 05:32:04.753 [main] Base - final login clicked
[INFO ] 2024-04-01 05:32:12.060 [main] Base - account clicked
[INFO ] 2024-04-01 05:32:13.117 [main] Base - login clicked
[INFO ] 2024-04-01 05:32:13.763 [main] Base - Random username set
[INFO ] 2024-04-01 05:32:13.938 [main] Base - InValid password set
[INFO ] 2024-04-01 05:32:14.560 [main] Base - final login clicked
[INFO ] 2024-04-01 05:32:21.663 [main] Base - account clicked
[INFO ] 2024-04-01 05:32:22.718 [main] Base - login clicked
[INFO ] 2024-04-01 05:32:23.426 [main] Base - Random username set
[INFO ] 2024-04-01 05:32:23.605 [main] Base - InValid password set
[INFO ] 2024-04-01 05:32:24.281 [main] Base - final login clicked
[INFO ] 2024-04-01 05:32:31.077 [main] Base - account clicked
[INFO ] 2024-04-01 05:32:31.746 [main] Base - login clicked
[INFO ] 2024-04-01 05:32:32.445 [main] Base - final login clicked
[INFO ] 2024-04-06 14:16:18.372 [main] Base - register completed
[INFO ] 2024-04-06 14:16:30.244 [main] Base - register all details completed
[INFO ] 2024-04-06 14:16:49.086 [main] Base - register without providing credentials completed
[INFO ] 2024-04-06 14:17:05.074 [main] Base - account clicked
[INFO ] 2024-04-06 14:17:05.897 [main] Base - login clicked
[INFO ] 2024-04-06 14:17:06.583 [main] Base - Random username set
[INFO ] 2024-04-06 14:17:06.782 [main] Base - Valid password set
[INFO ] 2024-04-06 14:17:07.461 [main] Base - final login clicked
[INFO ] 2024-04-06 14:17:14.508 [main] Base - account clicked
[INFO ] 2024-04-06 14:17:15.361 [main] Base - login clicked
[INFO ] 2024-04-06 14:17:15.893 [main] Base - Random username set
[INFO ] 2024-04-06 14:17:16.067 [main] Base - InValid password set
[INFO ] 2024-04-06 14:17:16.755 [main] Base - final login clicked
[INFO ] 2024-04-06 14:17:23.339 [main] Base - account clicked
[INFO ] 2024-04-06 14:17:24.093 [main] Base - login clicked
[INFO ] 2024-04-06 14:17:24.675 [main] Base - Random username set
[INFO ] 2024-04-06 14:17:24.856 [main] Base - InValid password set
[INFO ] 2024-04-06 14:17:25.428 [main] Base - final login clicked
[INFO ] 2024-04-06 14:17:32.233 [main] Base - account clicked
[INFO ] 2024-04-06 14:17:32.960 [main] Base - login clicked
[INFO ] 2024-04-06 14:17:33.603 [main] Base - final login clicked
[INFO ] 2024-04-06 15:23:27.918 [main] Base - register completed
[INFO ] 2024-04-06 15:23:44.576 [main] Base - register all details completed
[INFO ] 2024-04-06 15:24:14.133 [main] Base - register without providing credentials completed
[INFO ] 2024-04-06 15:24:41.368 [main] Base - account clicked
[INFO ] 2024-04-06 15:24:42.183 [main] Base - login clicked
[INFO ] 2024-04-06 15:24:42.546 [main] Base - Random username set
[INFO ] 2024-04-06 15:24:42.722 [main] Base - Valid password set
[INFO ] 2024-04-06 15:24:43.796 [main] Base - final login clicked
[INFO ] 2024-04-06 15:24:57.300 [main] Base - account clicked
[INFO ] 2024-04-06 15:24:58.090 [main] Base - login clicked
[INFO ] 2024-04-06 15:24:58.332 [main] Base - Random username set
[INFO ] 2024-04-06 15:24:58.477 [main] Base - InValid password set
[INFO ] 2024-04-06 15:24:59.179 [main] Base - final login clicked
[INFO ] 2024-04-06 15:25:11.438 [main] Base - account clicked
[INFO ] 2024-04-06 15:25:12.197 [main] Base - login clicked
[INFO ] 2024-04-06 15:25:12.450 [main] Base - Random username set
[INFO ] 2024-04-06 15:25:12.588 [main] Base - InValid password set
[INFO ] 2024-04-06 15:25:13.251 [main] Base - final login clicked
[INFO ] 2024-04-06 15:25:25.435 [main] Base - account clicked
[INFO ] 2024-04-06 15:25:26.182 [main] Base - login clicked
[INFO ] 2024-04-06 15:25:26.962 [main] Base - final login clicked
[INFO ] 2024-04-06 15:29:58.567 [main] Base - register completed
[INFO ] 2024-04-06 15:30:09.491 [main] Base - register all details completed
[INFO ] 2024-04-06 15:30:31.007 [main] Base - register without providing credentials completed
[INFO ] 2024-04-06 15:30:47.464 [main] Base - account clicked
[INFO ] 2024-04-06 15:30:48.236 [main] Base - login clicked
[INFO ] 2024-04-06 15:30:48.861 [main] Base - Random username set
[INFO ] 2024-04-06 15:30:49.056 [main] Base - Valid password set
[INFO ] 2024-04-06 15:30:49.647 [main] Base - final login clicked
[INFO ] 2024-04-06 15:30:56.669 [main] Base - account clicked
[INFO ] 2024-04-06 15:30:57.428 [main] Base - login clicked
[INFO ] 2024-04-06 15:30:57.975 [main] Base - Random username set
[INFO ] 2024-04-06 15:30:58.267 [main] Base - InValid password set
[INFO ] 2024-04-06 15:30:59.013 [main] Base - final login clicked
[INFO ] 2024-04-06 15:31:05.898 [main] Base - account clicked
[INFO ] 2024-04-06 15:31:06.780 [main] Base - login clicked
[INFO ] 2024-04-06 15:31:07.334 [main] Base - Random username set
[INFO ] 2024-04-06 15:31:07.522 [main] Base - InValid password set
[INFO ] 2024-04-06 15:31:08.121 [main] Base - final login clicked
[INFO ] 2024-04-06 15:31:15.624 [main] Base - account clicked
[INFO ] 2024-04-06 15:31:16.368 [main] Base - login clicked
[INFO ] 2024-04-06 15:31:17.043 [main] Base - final login clicked
[INFO ] 2024-04-07 08:36:23.745 [main] Base - register completed
[INFO ] 2024-04-07 08:36:37.520 [main] Base - register all details completed
[INFO ] 2024-04-07 08:36:56.233 [main] Base - register with valid credentials completed
[INFO ] 2024-04-07 08:37:08.495 [main] Base - register without providing credentials completed
[INFO ] 2024-04-07 08:37:47.085 [main] Base - account clicked
[INFO ] 2024-04-07 08:37:47.853 [main] Base - login clicked
[INFO ] 2024-04-07 08:37:48.460 [main] Base - Random username set
[INFO ] 2024-04-07 08:37:48.725 [main] Base - Valid password set
[INFO ] 2024-04-07 08:37:49.359 [main] Base - final login clicked
[INFO ] 2024-04-07 08:37:58.303 [main] Base - account clicked
[INFO ] 2024-04-07 08:37:58.913 [main] Base - login clicked
[INFO ] 2024-04-07 08:37:59.569 [main] Base - Random username set
[INFO ] 2024-04-07 08:37:59.777 [main] Base - InValid password set
[INFO ] 2024-04-07 08:38:00.352 [main] Base - final login clicked
[INFO ] 2024-04-07 08:38:10.585 [main] Base - account clicked
[INFO ] 2024-04-07 08:38:11.220 [main] Base - login clicked
[INFO ] 2024-04-07 08:38:11.868 [main] Base - Random username set
[INFO ] 2024-04-07 08:38:12.103 [main] Base - InValid password set
[INFO ] 2024-04-07 08:38:12.971 [main] Base - final login clicked
[INFO ] 2024-04-07 08:38:23.620 [main] Base - account clicked
[INFO ] 2024-04-07 08:38:24.365 [main] Base - login clicked
[INFO ] 2024-04-07 08:38:25.066 [main] Base - final login clicked
[INFO ] 2024-04-07 09:03:51.681 [main] Base - register completed
[INFO ] 2024-04-07 09:04:03.593 [main] Base - register all details completed
[INFO ] 2024-04-07 09:04:14.693 [main] Base - register with valid credentials completed
[INFO ] 2024-04-07 09:04:24.539 [main] Base - register without providing credentials completed
[INFO ] 2024-04-07 09:04:43.943 [main] Base - account clicked
[INFO ] 2024-04-07 09:04:44.512 [main] Base - login clicked
[INFO ] 2024-04-07 09:04:45.156 [main] Base - Random username set
[INFO ] 2024-04-07 09:04:45.423 [main] Base - Valid password set
[INFO ] 2024-04-07 09:04:46.007 [main] Base - final login clicked
[INFO ] 2024-04-07 09:04:54.219 [main] Base - account clicked
[INFO ] 2024-04-07 09:04:54.854 [main] Base - login clicked
[INFO ] 2024-04-07 09:04:55.454 [main] Base - Random username set
[INFO ] 2024-04-07 09:04:55.620 [main] Base - InValid password set
[INFO ] 2024-04-07 09:04:56.344 [main] Base - final login clicked
[INFO ] 2024-04-07 09:05:04.378 [main] Base - account clicked
[INFO ] 2024-04-07 09:05:05.158 [main] Base - login clicked
[INFO ] 2024-04-07 09:05:05.961 [main] Base - Random username set
[INFO ] 2024-04-07 09:05:06.153 [main] Base - InValid password set
[INFO ] 2024-04-07 09:05:06.811 [main] Base - final login clicked
[INFO ] 2024-04-07 09:05:14.404 [main] Base - account clicked
[INFO ] 2024-04-07 09:05:15.178 [main] Base - login clicked
[INFO ] 2024-04-07 09:05:15.862 [main] Base - final login clicked
[INFO ] 2024-04-07 09:17:16.524 [main] Base - register completed
[INFO ] 2024-04-07 09:17:27.650 [main] Base - register all details completed
[INFO ] 2024-04-07 09:17:38.039 [main] Base - register with valid credentials completed
[INFO ] 2024-04-07 09:17:47.341 [main] Base - register without providing credentials completed
[INFO ] 2024-04-07 09:18:04.205 [main] Base - account clicked
[INFO ] 2024-04-07 09:18:05.110 [main] Base - login clicked
[INFO ] 2024-04-07 09:18:05.762 [main] Base - Random username set
[INFO ] 2024-04-07 09:18:05.938 [main] Base - Valid password set
[INFO ] 2024-04-07 09:18:06.663 [main] Base - final login clicked
[INFO ] 2024-04-07 09:18:13.099 [main] Base - account clicked
[INFO ] 2024-04-07 09:18:14.244 [main] Base - login clicked
[INFO ] 2024-04-07 09:18:14.863 [main] Base - Random username set
[INFO ] 2024-04-07 09:18:15.043 [main] Base - InValid password set
[INFO ] 2024-04-07 09:18:15.764 [main] Base - final login clicked
[INFO ] 2024-04-07 09:18:22.421 [main] Base - account clicked
[INFO ] 2024-04-07 09:18:23.534 [main] Base - login clicked
[INFO ] 2024-04-07 09:18:24.111 [main] Base - Random username set
[INFO ] 2024-04-07 09:18:24.290 [main] Base - InValid password set
[INFO ] 2024-04-07 09:18:24.938 [main] Base - final login clicked
[INFO ] 2024-04-07 09:18:31.672 [main] Base - account clicked
[INFO ] 2024-04-07 09:18:32.937 [main] Base - login clicked
[INFO ] 2024-04-07 09:18:33.613 [main] Base - final login clicked
[INFO ] 2024-04-07 11:26:43.523 [main] Base - register completed
[INFO ] 2024-04-07 11:26:56.845 [main] Base - register all details completed
[INFO ] 2024-04-07 11:27:07.383 [main] Base - register with valid credentials completed
[INFO ] 2024-04-07 11:27:17.893 [main] Base - register without providing credentials completed
[INFO ] 2024-04-07 11:27:36.364 [main] Base - account clicked
[INFO ] 2024-04-07 11:27:36.927 [main] Base - login clicked
[INFO ] 2024-04-07 11:27:37.436 [main] Base - Random username set
[INFO ] 2024-04-07 11:27:37.582 [main] Base - Valid password set
[INFO ] 2024-04-07 11:27:38.304 [main] Base - final login clicked
[INFO ] 2024-04-07 11:27:47.977 [main] Base - account clicked
[INFO ] 2024-04-07 11:27:48.523 [main] Base - login clicked
[INFO ] 2024-04-07 11:27:49.060 [main] Base - Random username set
[INFO ] 2024-04-07 11:27:49.176 [main] Base - InValid password set
[INFO ] 2024-04-07 11:27:49.980 [main] Base - final login clicked
[INFO ] 2024-04-07 11:27:59.116 [main] Base - account clicked
[INFO ] 2024-04-07 11:27:59.690 [main] Base - login clicked
[INFO ] 2024-04-07 11:28:00.191 [main] Base - Random username set
[INFO ] 2024-04-07 11:28:00.349 [main] Base - InValid password set
[INFO ] 2024-04-07 11:28:01.039 [main] Base - final login clicked
[INFO ] 2024-04-07 11:28:08.450 [main] Base - account clicked
[INFO ] 2024-04-07 11:28:09.041 [main] Base - login clicked
[INFO ] 2024-04-07 11:28:09.704 [main] Base - final login clicked
[INFO ] 2024-04-07 11:30:52.287 [main] Base - register completed
[INFO ] 2024-04-07 11:31:03.118 [main] Base - register all details completed
[INFO ] 2024-04-07 11:31:14.808 [main] Base - register with valid credentials completed
[INFO ] 2024-04-07 11:31:24.402 [main] Base - register without providing credentials completed
[INFO ] 2024-04-07 11:31:41.352 [main] Base - account clicked
[INFO ] 2024-04-07 11:31:41.919 [main] Base - login clicked
[INFO ] 2024-04-07 11:31:42.259 [main] Base - Random username set
[INFO ] 2024-04-07 11:31:42.403 [main] Base - Valid password set
[INFO ] 2024-04-07 11:31:43.040 [main] Base - final login clicked
[INFO ] 2024-04-07 11:31:50.401 [main] Base - account clicked
[INFO ] 2024-04-07 11:31:51.023 [main] Base - login clicked
[INFO ] 2024-04-07 11:31:51.317 [main] Base - Random username set
[INFO ] 2024-04-07 11:31:51.449 [main] Base - InValid password set
[INFO ] 2024-04-07 11:31:52.095 [main] Base - final login clicked
[INFO ] 2024-04-07 11:31:59.108 [main] Base - account clicked
[INFO ] 2024-04-07 11:31:59.755 [main] Base - login clicked
[INFO ] 2024-04-07 11:32:00.132 [main] Base - Random username set
[INFO ] 2024-04-07 11:32:00.267 [main] Base - InValid password set
[INFO ] 2024-04-07 11:32:00.860 [main] Base - final login clicked
[INFO ] 2024-04-07 11:32:07.942 [main] Base - account clicked
[INFO ] 2024-04-07 11:32:08.525 [main] Base - login clicked
[INFO ] 2024-04-07 11:32:09.238 [main] Base - final login clicked
[INFO ] 2024-04-08 06:30:48.116 [main] Base - register completed
[INFO ] 2024-04-08 06:31:00.155 [main] Base - register all details completed
[INFO ] 2024-04-08 06:31:13.584 [main] Base - register with valid credentials completed
[INFO ] 2024-04-08 06:31:22.342 [main] Base - register without providing credentials completed
[INFO ] 2024-04-08 06:31:38.917 [main] Base - account clicked
[INFO ] 2024-04-08 06:31:39.499 [main] Base - login clicked
[INFO ] 2024-04-08 06:31:39.841 [main] Base - Random username set
[INFO ] 2024-04-08 06:31:39.973 [main] Base - Valid password set
[INFO ] 2024-04-08 06:31:40.691 [main] Base - final login clicked
[INFO ] 2024-04-08 06:31:53.638 [main] Base - account clicked
[INFO ] 2024-04-08 06:31:55.045 [main] Base - login clicked
[INFO ] 2024-04-08 06:31:55.516 [main] Base - Random username set
[INFO ] 2024-04-08 06:31:55.694 [main] Base - InValid password set
[INFO ] 2024-04-08 06:31:56.544 [main] Base - final login clicked
[INFO ] 2024-04-08 06:32:04.639 [main] Base - account clicked
[INFO ] 2024-04-08 06:32:05.191 [main] Base - login clicked
[INFO ] 2024-04-08 06:32:05.626 [main] Base - Random username set
[INFO ] 2024-04-08 06:32:05.772 [main] Base - InValid password set
[INFO ] 2024-04-08 06:32:06.502 [main] Base - final login clicked
[INFO ] 2024-04-08 06:32:13.505 [main] Base - account clicked
[INFO ] 2024-04-08 06:32:14.083 [main] Base - login clicked
[INFO ] 2024-04-08 06:32:15.117 [main] Base - final login clicked
[INFO ] 2024-04-08 06:40:51.483 [main] Base - register completed
[INFO ] 2024-04-08 06:41:04.558 [main] Base - register all details completed
[INFO ] 2024-04-08 06:41:16.887 [main] Base - register with valid credentials completed
[INFO ] 2024-04-08 06:41:26.155 [main] Base - register without providing credentials completed
[INFO ] 2024-04-08 06:41:42.240 [main] Base - account clicked
[INFO ] 2024-04-08 06:41:43.649 [main] Base - login clicked
[INFO ] 2024-04-08 06:41:44.055 [main] Base - Random username set
[INFO ] 2024-04-08 06:41:44.241 [main] Base - Valid password set
[INFO ] 2024-04-08 06:41:44.940 [main] Base - final login clicked
[INFO ] 2024-04-08 06:41:53.645 [main] Base - account clicked
[INFO ] 2024-04-08 06:41:54.268 [main] Base - login clicked
[INFO ] 2024-04-08 06:41:54.694 [main] Base - Random username set
[INFO ] 2024-04-08 06:41:54.860 [main] Base - InValid password set
[INFO ] 2024-04-08 06:41:55.527 [main] Base - final login clicked
[INFO ] 2024-04-08 06:42:03.645 [main] Base - account clicked
[INFO ] 2024-04-08 06:42:04.193 [main] Base - login clicked
[INFO ] 2024-04-08 06:42:04.554 [main] Base - Random username set
[INFO ] 2024-04-08 06:42:04.688 [main] Base - InValid password set
[INFO ] 2024-04-08 06:42:05.343 [main] Base - final login clicked
[INFO ] 2024-04-08 06:42:11.838 [main] Base - account clicked
[INFO ] 2024-04-08 06:42:12.505 [main] Base - login clicked
[INFO ] 2024-04-08 06:42:13.105 [main] Base - final login clicked
[INFO ] 2024-04-08 06:45:50.999 [main] Base - register completed
[INFO ] 2024-04-08 06:46:00.485 [main] Base - register all details completed
[INFO ] 2024-04-08 06:46:10.208 [main] Base - register with valid credentials completed
[INFO ] 2024-04-08 06:46:18.914 [main] Base - register without providing credentials completed
[INFO ] 2024-04-08 06:46:33.369 [main] Base - account clicked
[INFO ] 2024-04-08 06:46:33.847 [main] Base - login clicked
[INFO ] 2024-04-08 06:46:34.151 [main] Base - Random username set
[INFO ] 2024-04-08 06:46:34.277 [main] Base - Valid password set
[INFO ] 2024-04-08 06:46:34.954 [main] Base - final login clicked
[INFO ] 2024-04-08 06:46:40.755 [main] Base - account clicked
[INFO ] 2024-04-08 06:46:41.234 [main] Base - login clicked
[INFO ] 2024-04-08 06:46:41.560 [main] Base - Random username set
[INFO ] 2024-04-08 06:46:41.666 [main] Base - InValid password set
[INFO ] 2024-04-08 06:46:42.706 [main] Base - final login clicked
[INFO ] 2024-04-08 06:46:48.419 [main] Base - account clicked
[INFO ] 2024-04-08 06:46:48.921 [main] Base - login clicked
[INFO ] 2024-04-08 06:46:49.195 [main] Base - Random username set
[INFO ] 2024-04-08 06:46:49.299 [main] Base - InValid password set
[INFO ] 2024-04-08 06:46:50.600 [main] Base - final login clicked
[INFO ] 2024-04-08 06:46:56.281 [main] Base - account clicked
[INFO ] 2024-04-08 06:46:56.798 [main] Base - login clicked
[INFO ] 2024-04-08 06:46:58.040 [main] Base - final login clicked
[INFO ] 2024-04-08 06:55:25.994 [main] Base - register completed
[INFO ] 2024-04-08 06:55:36.417 [main] Base - register all details completed
[INFO ] 2024-04-08 06:55:45.784 [main] Base - register with valid credentials completed
[INFO ] 2024-04-08 06:55:54.153 [main] Base - register without providing credentials completed
[INFO ] 2024-04-08 06:56:10.425 [main] Base - account clicked
[INFO ] 2024-04-08 06:56:11.026 [main] Base - login clicked
[INFO ] 2024-04-08 06:56:11.460 [main] Base - Random username set
[INFO ] 2024-04-08 06:56:11.643 [main] Base - Valid password set
[INFO ] 2024-04-08 06:56:12.310 [main] Base - final login clicked
[INFO ] 2024-04-08 06:56:18.809 [main] Base - account clicked
[INFO ] 2024-04-08 06:56:19.370 [main] Base - login clicked
[INFO ] 2024-04-08 06:56:19.746 [main] Base - Random username set
[INFO ] 2024-04-08 06:56:19.876 [main] Base - InValid password set
[INFO ] 2024-04-08 06:56:20.554 [main] Base - final login clicked
[INFO ] 2024-04-08 06:56:27.200 [main] Base - account clicked
[INFO ] 2024-04-08 06:56:27.746 [main] Base - login clicked
[INFO ] 2024-04-08 06:56:28.095 [main] Base - Random username set
[INFO ] 2024-04-08 06:56:28.228 [main] Base - InValid password set
[INFO ] 2024-04-08 06:56:28.894 [main] Base - final login clicked
[INFO ] 2024-04-08 06:56:36.129 [main] Base - account clicked
[INFO ] 2024-04-08 06:56:36.721 [main] Base - login clicked
[INFO ] 2024-04-08 06:56:37.429 [main] Base - final login clicked
[INFO ] 2024-04-08 07:19:27.598 [main] Base - register completed
[INFO ] 2024-04-08 07:19:39.994 [main] Base - register all details completed
[INFO ] 2024-04-08 07:19:49.785 [main] Base - register with valid credentials completed
[INFO ] 2024-04-08 07:19:59.116 [main] Base - register without providing credentials completed
[INFO ] 2024-04-08 07:20:14.286 [main] Base - account clicked
[INFO ] 2024-04-08 07:20:15.710 [main] Base - login clicked
[INFO ] 2024-04-08 07:20:16.396 [main] Base - Random username set
[INFO ] 2024-04-08 07:20:16.606 [main] Base - Valid password set
[INFO ] 2024-04-08 07:20:17.368 [main] Base - final login clicked
[INFO ] 2024-04-08 07:20:24.064 [main] Base - account clicked
[INFO ] 2024-04-08 07:20:25.153 [main] Base - login clicked
[INFO ] 2024-04-08 07:20:25.770 [main] Base - Random username set
[INFO ] 2024-04-08 07:20:25.938 [main] Base - InValid password set
[INFO ] 2024-04-08 07:20:26.620 [main] Base - final login clicked
[INFO ] 2024-04-08 07:20:33.289 [main] Base - account clicked
[INFO ] 2024-04-08 07:20:34.402 [main] Base - login clicked
[INFO ] 2024-04-08 07:20:35.058 [main] Base - Random username set
[INFO ] 2024-04-08 07:20:35.276 [main] Base - InValid password set
[INFO ] 2024-04-08 07:20:35.898 [main] Base - final login clicked
[INFO ] 2024-04-08 07:20:42.547 [main] Base - account clicked
[INFO ] 2024-04-08 07:20:43.176 [main] Base - login clicked
[INFO ] 2024-04-08 07:20:43.922 [main] Base - final login clicked
[INFO ] 2024-04-08 07:25:01.393 [main] Base - register completed
[INFO ] 2024-04-08 07:25:12.670 [main] Base - register all details completed
[INFO ] 2024-04-08 07:25:24.259 [main] Base - register with valid credentials completed
[INFO ] 2024-04-08 07:25:33.880 [main] Base - register without providing credentials completed
[INFO ] 2024-04-08 07:25:48.930 [main] Base - account clicked
[INFO ] 2024-04-08 07:25:49.443 [main] Base - login clicked
[INFO ] 2024-04-08 07:25:49.813 [main] Base - Random username set
[INFO ] 2024-04-08 07:25:49.943 [main] Base - Valid password set
[INFO ] 2024-04-08 07:25:50.605 [main] Base - final login clicked
[INFO ] 2024-04-08 07:25:59.637 [main] Base - account clicked
[INFO ] 2024-04-08 07:26:00.239 [main] Base - login clicked
[INFO ] 2024-04-08 07:26:00.605 [main] Base - Random username set
[INFO ] 2024-04-08 07:26:00.726 [main] Base - InValid password set
[INFO ] 2024-04-08 07:26:01.441 [main] Base - final login clicked
[INFO ] 2024-04-08 07:26:08.387 [main] Base - account clicked
[INFO ] 2024-04-08 07:26:09.055 [main] Base - login clicked
[INFO ] 2024-04-08 07:26:09.488 [main] Base - Random username set
[INFO ] 2024-04-08 07:26:09.659 [main] Base - InValid password set
[INFO ] 2024-04-08 07:26:10.361 [main] Base - final login clicked
[INFO ] 2024-04-08 07:26:17.137 [main] Base - account clicked
[INFO ] 2024-04-08 07:26:18.120 [main] Base - login clicked
[INFO ] 2024-04-08 07:26:19.212 [main] Base - final login clicked
[INFO ] 2024-04-10 07:06:29.550 [main] Base - register completed
[INFO ] 2024-04-10 07:06:39.648 [main] Base - register all details completed
[INFO ] 2024-04-10 07:06:50.362 [main] Base - register with valid credentials completed
[INFO ] 2024-04-10 07:06:59.113 [main] Base - register without providing credentials completed
[INFO ] 2024-04-10 07:07:14.700 [main] Base - account clicked
[INFO ] 2024-04-10 07:07:15.276 [main] Base - login clicked
[INFO ] 2024-04-10 07:07:15.687 [main] Base - Random username set
[INFO ] 2024-04-10 07:07:15.835 [main] Base - Valid password set
[INFO ] 2024-04-10 07:07:16.502 [main] Base - final login clicked
[INFO ] 2024-04-10 07:07:23.420 [main] Base - account clicked
[INFO ] 2024-04-10 07:07:23.951 [main] Base - login clicked
[INFO ] 2024-04-10 07:07:24.362 [main] Base - Random username set
[INFO ] 2024-04-10 07:07:24.503 [main] Base - InValid password set
[INFO ] 2024-04-10 07:07:25.128 [main] Base - final login clicked
[INFO ] 2024-04-10 07:07:32.300 [main] Base - account clicked
[INFO ] 2024-04-10 07:07:32.959 [main] Base - login clicked
[INFO ] 2024-04-10 07:07:33.275 [main] Base - Random username set
[INFO ] 2024-04-10 07:07:33.403 [main] Base - InValid password set
[INFO ] 2024-04-10 07:07:34.131 [main] Base - final login clicked
[INFO ] 2024-04-10 07:07:40.567 [main] Base - account clicked
[INFO ] 2024-04-10 07:07:41.119 [main] Base - login clicked
[INFO ] 2024-04-10 07:07:41.797 [main] Base - final login clicked
